17:42:00 **** Build of configuration Default for project imuFreeRTOS ****
make flash 
Flashing: _build/nrf52832_xxaa.hex
nrfjprog --program _build/nrf52832_xxaa.hex -f nrf52 --sectorerase
Parsing hex file.
Erasing page at address 0x0.
Erasing page at address 0x1000.
Erasing page at address 0x2000.
Erasing page at address 0x3000.
Erasing page at address 0x4000.
Erasing page at address 0x5000.
Applying system reset.
Checking that the area to write is not protected.
Programing device.
nrfjprog --reset -f nrf52
Applying system reset.
Run.
17:42:11 **** Incremental Build of configuration Default for project imuFreeRTOS ****
make VERBOSE=1 all 
make: Nothing to be done for 'all'.
